Loading db file '/home/standard_cell_libraries/NangateOpenCellLibrary_PDKv1_3_v2010_12/lib/Front_End/Liberty/NLDM/NangateOpenCellLibrary_ff1p25vn40c.db'
Information: Propagating switching activity (low effort zero delay simulation). (PWR-6)
Warning: Design has unannotated primary inputs. (PWR-414)
Warning: Design has unannotated sequential cell outputs. (PWR-415)
 
****************************************
Report : power
        -analysis_effort low
Design : riscv_core
Version: G-2012.06-SP2
Date   : Mon Dec 25 14:55:12 2017
****************************************


Library(s) Used:

    NangateOpenCellLibrary_ff1p25vn40c (File: /home/standard_cell_libraries/NangateOpenCellLibrary_PDKv1_3_v2010_12/lib/Front_End/Liberty/NLDM/NangateOpenCellLibrary_ff1p25vn40c.db)


Operating Conditions: low_temp   Library: NangateOpenCellLibrary_ff1p25vn40c
Wire Load Model Mode: top

Design        Wire Load Model            Library
------------------------------------------------
riscv_core             5K_hvratio_1_1    NangateOpenCellLibrary_ff1p25vn40c


Global Operating Voltage = 1.25 
Power-specific unit information :
    Voltage Units = 1V
    Capacitance Units = 1.000000ff
    Time Units = 1ns
    Dynamic Power Units = 1uW    (derived from V,C,T units)
    Leakage Power Units = 1nW


  Cell Internal Power  =   2.1363 mW   (75%)
  Net Switching Power  = 718.5699 uW   (25%)
                         ---------
Total Dynamic Power    =   2.8549 mW  (100%)

Cell Leakage Power     =   3.3822 mW


                 Internal         Switching           Leakage            Total
Power Group      Power            Power               Power              Power   (   %    )  Attrs
--------------------------------------------------------------------------------------------------
io_pad             0.0000            0.0000            0.0000            0.0000  (   0.00%)
memory             0.0000            0.0000            0.0000            0.0000  (   0.00%)
black_box          0.0000            0.0000            0.0000            0.0000  (   0.00%)
clock_network    161.6825          501.1497        2.0577e+04          683.4107  (  10.96%)
register       1.8519e+03            6.9762        1.2416e+06        3.1004e+03  (  49.71%)
sequential         0.0000            0.0000            0.0000            0.0000  (   0.00%)
combinational    122.7838          210.4461        2.1199e+06        2.4532e+03  (  39.33%)
--------------------------------------------------------------------------------------------------
Total          2.1363e+03 uW       718.5721 uW     3.3821e+06 nW     6.2370e+03 uW
1
